Mon Mar  7 09:36:55 2011 [3880][-none-][FATAL] Unable to retrieve system settings Query Failed: SELECT category, name, value FROM config: MySQL error 1146: Table 'dcmaster.config' doesn't exist
Mon Mar  7 09:46:59 2011 [3943][1][FATAL] SMTP -> ERROR:AUTH not accepted from server. Code: 504 Reply: 504 5.3.3 AUTH mechanism LOGIN not available

Mon Mar  7 09:46:59 2011 [3943][1][FATAL] SugarPHPMailer encountered an error: SMTP Error: Could not authenticate.
Mon Mar  7 09:46:59 2011 [3943][1][FATAL] SugarPHPMailer encountered an error: SMTP Error: Could not connect to SMTP host.
Mon Mar  7 09:46:59 2011 [3943][1][FATAL] SugarPHPMailer encountered an error: An outgoing mail server is not configured to send emails. Please configure an outgoing mail server or select an outgoing mail server for the mail account that you are using in Settings >> Mail Account.
Mon Mar  7 09:50:16 2011 [3942][1][FATAL] SMTP -> ERROR:AUTH not accepted from server. Code: 504 Reply: 504 5.3.3 AUTH mechanism LOGIN not available

Mon Mar  7 09:50:16 2011 [3942][1][FATAL] SugarPHPMailer encountered an error: SMTP Error: Could not authenticate.
Mon Mar  7 09:50:16 2011 [3942][1][FATAL] SugarPHPMailer encountered an error: SMTP Error: Could not connect to SMTP host.
Mon Mar  7 09:50:16 2011 [3942][1][FATAL] SugarPHPMailer encountered an error: An outgoing mail server is not configured to send emails. Please configure an outgoing mail server or select an outgoing mail server for the mail account that you are using in Settings >> Mail Account.
Mon Mar  7 09:52:48 2011 [3979][1][FATAL] TIMEZONE:NOT DEFINED-CST
Thu Mar 10 13:58:18 2011 [7496][1][FATAL] HTTP Error: no data present after HTTP headers
Thu Mar 10 13:58:18 2011 [7496][1][FATAL] HTTP/1.1 100 Continue

HTTP/1.1 500 Internal Server Error
Server: nginx
Date: Thu, 10 Mar 2011 19:57:39 GMT
Content-Type: text/html
Connection: keep-alive
Set-Cookie: PHPSESSID=svvpheig2tbe5mtrvilgv7o0u2; path=/
Expires: Thu, 19 Nov 1981 08:52:00 GMT
Cache-Control: no-store, no-cache, must-revalidate, post-check=0, pre-check=0
Pragma: no-cache
X-Application-Server: 10.13.10.130
Content-Length: 0


Thu Mar 10 13:58:18 2011 [7496][1][FATAL] HTTP Error: no data present after HTTP headers
Thu Mar 10 13:58:18 2011 [7496][1][FATAL] HTTP/1.1 500 Internal Server Error
Server: nginx
Date: Thu, 10 Mar 2011 19:57:39 GMT
Content-Type: text/html
Connection: keep-alive
Set-Cookie: PHPSESSID=; path=/
Expires: Thu, 19 Nov 1981 08:52:00 GMT
Cache-Control: no-store, no-cache, must-revalidate, post-check=0, pre-check=0
Pragma: no-cache
X-Application-Server: 10.13.10.130
Content-Length: 0


Thu Mar 10 14:13:50 2011 [7496][1][FATAL] HTTP Error: no data present after HTTP headers
Thu Mar 10 14:13:50 2011 [7496][1][FATAL] HTTP/1.1 100 Continue

HTTP/1.1 500 Internal Server Error
Server: nginx
Date: Thu, 10 Mar 2011 20:13:12 GMT
Content-Type: text/html
Connection: keep-alive
Set-Cookie: PHPSESSID=finkg45euadpecq50v84dag2c0; path=/
Expires: Thu, 19 Nov 1981 08:52:00 GMT
Cache-Control: no-store, no-cache, must-revalidate, post-check=0, pre-check=0
Pragma: no-cache
X-Application-Server: 10.13.10.130
Content-Length: 0


Thu Mar 10 14:13:51 2011 [7496][1][FATAL] HTTP Error: no data present after HTTP headers
Thu Mar 10 14:13:51 2011 [7496][1][FATAL] HTTP/1.1 500 Internal Server Error
Server: nginx
Date: Thu, 10 Mar 2011 20:13:12 GMT
Content-Type: text/html
Connection: keep-alive
Set-Cookie: PHPSESSID=; path=/
Expires: Thu, 19 Nov 1981 08:52:00 GMT
Cache-Control: no-store, no-cache, must-revalidate, post-check=0, pre-check=0
Pragma: no-cache
X-Application-Server: 10.13.10.130
Content-Length: 0


Thu Mar 10 14:14:08 2011 [20103][1][FATAL] HTTP Error: no data present after HTTP headers
Thu Mar 10 14:14:08 2011 [20103][1][FATAL] HTTP/1.1 100 Continue

HTTP/1.1 500 Internal Server Error
Server: nginx
Date: Thu, 10 Mar 2011 20:13:29 GMT
Content-Type: text/html
Connection: keep-alive
Set-Cookie: PHPSESSID=rgcfr3mievigglunvkj7itpts2; path=/
Expires: Thu, 19 Nov 1981 08:52:00 GMT
Cache-Control: no-store, no-cache, must-revalidate, post-check=0, pre-check=0
Pragma: no-cache
X-Application-Server: 10.13.10.130
Content-Length: 0


Thu Mar 10 14:14:08 2011 [20103][1][FATAL] HTTP Error: no data present after HTTP headers
Thu Mar 10 14:14:08 2011 [20103][1][FATAL] HTTP/1.1 500 Internal Server Error
Server: nginx
Date: Thu, 10 Mar 2011 20:13:29 GMT
Content-Type: text/html
Connection: keep-alive
Set-Cookie: PHPSESSID=; path=/
Expires: Thu, 19 Nov 1981 08:52:00 GMT
Cache-Control: no-store, no-cache, must-revalidate, post-check=0, pre-check=0
Pragma: no-cache
X-Application-Server: 10.13.10.130
Content-Length: 0


Thu Mar 10 14:14:42 2011 [20102][1][FATAL] HTTP Error: no data present after HTTP headers
Thu Mar 10 14:14:42 2011 [20102][1][FATAL] HTTP/1.1 100 Continue

HTTP/1.1 500 Internal Server Error
Server: nginx
Date: Thu, 10 Mar 2011 20:14:03 GMT
Content-Type: text/html
Connection: keep-alive
Set-Cookie: PHPSESSID=7r705lj9cnj2jmm46k0vko3ob1; path=/
Expires: Thu, 19 Nov 1981 08:52:00 GMT
Cache-Control: no-store, no-cache, must-revalidate, post-check=0, pre-check=0
Pragma: no-cache
X-Application-Server: 10.13.10.130
Content-Length: 0


Thu Mar 10 14:14:42 2011 [20102][1][FATAL] HTTP Error: no data present after HTTP headers
Thu Mar 10 14:14:42 2011 [20102][1][FATAL] HTTP/1.1 100 Continue

HTTP/1.1 500 Internal Server Error
Server: nginx
Date: Thu, 10 Mar 2011 20:14:04 GMT
Content-Type: text/html
Connection: keep-alive
Expires: Thu, 19 Nov 1981 08:52:00 GMT
Cache-Control: no-store, no-cache, must-revalidate, post-check=0, pre-check=0
Pragma: no-cache
X-Application-Server: 10.13.10.130
Content-Length: 0


Thu Mar 10 14:14:43 2011 [20102][1][FATAL] HTTP Error: no data present after HTTP headers
Thu Mar 10 14:14:43 2011 [20102][1][FATAL] HTTP/1.1 500 Internal Server Error
Server: nginx
Date: Thu, 10 Mar 2011 20:14:04 GMT
Content-Type: text/html
Connection: keep-alive
Set-Cookie: PHPSESSID=; path=/
Expires: Thu, 19 Nov 1981 08:52:00 GMT
Cache-Control: no-store, no-cache, must-revalidate, post-check=0, pre-check=0
Pragma: no-cache
X-Application-Server: 10.13.10.130
Content-Length: 0


Tue Mar 22 10:19:33 2011 [29352][-none-][FATAL] SECURITY: User authentication for admin failed
Tue Mar 22 10:19:33 2011 [29352][-none-][FATAL] FAILED LOGIN:attempts[1] - admin
Wed Mar 23 13:41:55 2011 [29349][1][FATAL] Error fetching relationship from cache products_accounts
Wed Mar 23 13:42:48 2011 [29347][1][FATAL] Error fetching relationship from cache products_accounts
Wed Apr  6 10:01:02 2011 [3593][1][FATAL] HTTP Error: no data present after HTTP headers
Wed Apr  6 10:01:02 2011 [3593][1][FATAL] HTTP/1.1 100 Continue

HTTP/1.1 500 Internal Server Error
Server: nginx
Date: Wed, 06 Apr 2011 14:58:36 GMT
Content-Type: text/html
Connection: keep-alive
X-Application-Server: 10.13.10.130
Content-Length: 0


Wed Apr  6 10:01:04 2011 [3593][1][FATAL] HTTP Error: no data present after HTTP headers
Wed Apr  6 10:01:04 2011 [3593][1][FATAL] HTTP/1.1 100 Continue

HTTP/1.1 500 Internal Server Error
Server: nginx
Date: Wed, 06 Apr 2011 14:58:38 GMT
Content-Type: text/html
Connection: keep-alive
X-Application-Server: 10.13.10.130
Content-Length: 0


Wed Apr  6 10:01:05 2011 [3593][1][FATAL] HTTP Error: no data present after HTTP headers
Wed Apr  6 10:01:05 2011 [3593][1][FATAL] HTTP/1.1 500 Internal Server Error
Server: nginx
Date: Wed, 06 Apr 2011 14:58:39 GMT
Content-Type: text/html
Connection: keep-alive
X-Application-Server: 10.13.10.130
Content-Length: 0


Wed Apr  6 10:17:48 2011 [3597][1][FATAL] HTTP Error: no data present after HTTP headers
Wed Apr  6 10:17:48 2011 [3597][1][FATAL] HTTP/1.1 100 Continue

HTTP/1.1 500 Internal Server Error
Server: nginx
Date: Wed, 06 Apr 2011 15:15:22 GMT
Content-Type: text/html
Connection: keep-alive
X-Application-Server: 10.13.10.130
Content-Length: 0


Wed Apr  6 10:17:49 2011 [3597][1][FATAL] HTTP Error: no data present after HTTP headers
Wed Apr  6 10:17:49 2011 [3597][1][FATAL] HTTP/1.1 500 Internal Server Error
Server: nginx
Date: Wed, 06 Apr 2011 15:15:23 GMT
Content-Type: text/html
Connection: keep-alive
X-Application-Server: 10.13.10.130
Content-Length: 0


Wed Apr  6 10:17:51 2011 [3597][1][FATAL] HTTP Error: no data present after HTTP headers
Wed Apr  6 10:17:51 2011 [3597][1][FATAL] HTTP/1.1 100 Continue

HTTP/1.1 500 Internal Server Error
Server: nginx
Date: Wed, 06 Apr 2011 15:15:25 GMT
Content-Type: text/html
Connection: keep-alive
X-Application-Server: 10.13.10.130
Content-Length: 0


Wed Apr  6 10:17:51 2011 [3597][1][FATAL] HTTP Error: no data present after HTTP headers
Wed Apr  6 10:17:51 2011 [3597][1][FATAL] HTTP/1.1 500 Internal Server Error
Server: nginx
Date: Wed, 06 Apr 2011 15:15:25 GMT
Content-Type: text/html
Connection: keep-alive
X-Application-Server: 10.13.10.130
Content-Length: 0


Wed Apr  6 10:18:21 2011 [3600][1][FATAL] HTTP Error: no data present after HTTP headers
Wed Apr  6 10:18:21 2011 [3600][1][FATAL] HTTP/1.1 100 Continue

HTTP/1.1 500 Internal Server Error
Server: nginx
Date: Wed, 06 Apr 2011 15:15:55 GMT
Content-Type: text/html
Connection: keep-alive
X-Application-Server: 10.13.10.130
Content-Length: 0


Wed Apr  6 10:18:22 2011 [3600][1][FATAL] HTTP Error: no data present after HTTP headers
Wed Apr  6 10:18:22 2011 [3600][1][FATAL] HTTP/1.1 100 Continue

HTTP/1.1 500 Internal Server Error
Server: nginx
Date: Wed, 06 Apr 2011 15:15:56 GMT
Content-Type: text/html
Connection: keep-alive
X-Application-Server: 10.13.10.130
Content-Length: 0


Wed Apr  6 10:18:22 2011 [3600][1][FATAL] HTTP Error: no data present after HTTP headers
Wed Apr  6 10:18:22 2011 [3600][1][FATAL] HTTP/1.1 500 Internal Server Error
Server: nginx
Date: Wed, 06 Apr 2011 15:15:56 GMT
Content-Type: text/html
Connection: keep-alive
X-Application-Server: 10.13.10.130
Content-Length: 0


Wed Apr  6 11:59:01 2011 [3596][1][FATAL] Missing relationship definition aos_products_project. skipping aos_products_project subpanel
Thu Apr  7 13:21:08 2011 [9937][1][FATAL] Missing relationship definition aos_products_project. skipping aos_products_project subpanel
Thu Apr  7 13:22:30 2011 [9935][1][FATAL] Missing relationship definition aos_products_project. skipping aos_products_project subpanel
Fri Apr  8 13:42:51 2011 [9932][1][FATAL] Missing relationship definition aos_products_project. skipping aos_products_project subpanel
Fri Apr  8 13:43:11 2011 [18649][1][FATAL] Missing relationship definition aos_products_project. skipping aos_products_project subpanel
Fri Apr  8 13:43:21 2011 [18648][1][FATAL] Missing relationship definition aos_products_project. skipping aos_products_project subpanel
Fri Apr  8 13:44:11 2011 [18649][1][FATAL] Missing relationship definition aos_products_project. skipping aos_products_project subpanel
Fri Apr  8 13:47:32 2011 [9930][1][FATAL] Missing relationship definition aos_products_project. skipping aos_products_project subpanel
Fri Apr  8 13:48:46 2011 [9933][1][FATAL] Missing relationship definition aos_products_project. skipping aos_products_project subpanel
Fri Apr  8 13:56:04 2011 [18646][1][FATAL] Missing relationship definition aos_products_project. skipping aos_products_project subpanel
Fri Apr  8 13:57:03 2011 [18807][1][FATAL] opportunities.name like 'Test%'
Fri Apr  8 14:05:40 2011 [9936][1][FATAL] Missing relationship definition aos_products_project. skipping aos_products_project subpanel
Fri Apr  8 14:58:47 2011 [9935][1][FATAL] Missing relationship definition aos_products_project. skipping aos_products_project subpanel
Fri Apr  8 15:00:28 2011 [9936][1][FATAL] Missing relationship definition aos_products_project. skipping aos_products_project subpanel
Fri Apr  8 16:38:41 2011 [18806][1][FATAL] Missing relationship definition aos_products_project. skipping aos_products_project subpanel
Mon Apr 11 13:58:54 2011 [1503][1][FATAL] Missing relationship definition aos_products_project. skipping aos_products_project subpanel
Tue Apr 12 16:26:36 2011 [1504][-none-][FATAL] SECURITY: User authentication for admin failed
Tue Apr 12 16:26:36 2011 [1504][-none-][FATAL] FAILED LOGIN:attempts[1] - admin
Wed Apr 13 16:41:57 2011 [1500][-none-][FATAL] SECURITY: User authentication for admin failed
Wed Apr 13 16:41:57 2011 [1500][-none-][FATAL] FAILED LOGIN:attempts[1] - admin
Tue Apr 26 13:18:51 2011 [19235][1][FATAL] Missing relationship definition aos_products_project. skipping aos_products_project subpanel
Tue Apr 26 15:24:19 2011 [32050][1][FATAL] Missing relationship definition aos_products_project. skipping aos_products_project subpanel
Tue Apr 26 15:25:34 2011 [32048][1][FATAL] Missing relationship definition aos_products_project. skipping aos_products_project subpanel
Tue Apr 26 15:25:42 2011 [32042][1][FATAL] Missing relationship definition aos_products_project. skipping aos_products_project subpanel
Tue Apr 26 15:27:21 2011 [32049][1][FATAL] Missing relationship definition aos_products_project. skipping aos_products_project subpanel
Mon May  2 11:22:28 2011 [23956][-none-][FATAL] SECURITY: User authentication for admin failed
Mon May  2 11:22:28 2011 [23956][-none-][FATAL] FAILED LOGIN:attempts[1] - admin
Mon May  2 11:22:34 2011 [4269][-none-][FATAL] SECURITY: User authentication for admin failed
Mon May  2 11:22:34 2011 [4269][-none-][FATAL] FAILED LOGIN:attempts[1] - admin
Mon May  2 11:31:05 2011 [23959][1][FATAL] Error fetching relationship from cache projects_quotes
Mon May  2 11:31:06 2011 [23959][1][FATAL] Error fetching relationship from cache projects_products
Mon May  2 11:31:06 2011 [23959][1][FATAL] Error fetching relationship from cache aos_products_project
Wed May  4 10:02:02 2011 [9008][1][FATAL] Error fetching relationship from cache products_accounts
Wed May  4 10:25:45 2011 [9009][1][FATAL] Missing relationship definition aos_products_project. skipping aos_products_project subpanel
Wed May  4 10:26:41 2011 [23959][1][FATAL] Missing relationship definition aos_products_project. skipping aos_products_project subpanel
Wed May  4 11:18:42 2011 [23955][1][FATAL] Missing relationship definition aos_products_project. skipping aos_products_project subpanel
Wed May  4 11:19:51 2011 [4269][1][FATAL] Missing relationship definition aos_products_project. skipping aos_products_project subpanel
Wed May  4 11:27:43 2011 [9009][1][FATAL] Missing relationship definition aos_products_project. skipping aos_products_project subpanel
Wed May  4 11:29:54 2011 [23952][1][FATAL] Missing relationship definition aos_products_project. skipping aos_products_project subpanel
Wed May  4 14:56:59 2011 [23953][1][FATAL] Missing relationship definition aos_products_project. skipping aos_products_project subpanel
Thu May  5 16:47:24 2011 [23958][1][FATAL] Missing relationship definition aos_products_project. skipping aos_products_project subpanel
Fri May  6 11:16:48 2011 [9009][1][FATAL] Missing relationship definition aos_products_project. skipping aos_products_project subpanel
Fri May  6 11:16:59 2011 [9008][1][FATAL] Missing relationship definition aos_products_project. skipping aos_products_project subpanel
Fri May  6 11:17:26 2011 [23954][1][FATAL] Missing relationship definition aos_products_project. skipping aos_products_project subpanel
Fri May  6 11:17:40 2011 [23959][1][FATAL] Missing relationship definition aos_products_project. skipping aos_products_project subpanel
Fri May  6 11:18:26 2011 [23954][1][FATAL] Missing relationship definition aos_products_project. skipping aos_products_project subpanel
Fri May  6 12:19:13 2011 [9008][1][FATAL] Missing relationship definition aos_products_project. skipping aos_products_project subpanel
Fri May  6 12:21:08 2011 [23953][1][FATAL] Missing relationship definition aos_products_project. skipping aos_products_project subpanel
Fri May  6 15:35:19 2011 [23956][1][FATAL] Missing relationship definition aos_products_project. skipping aos_products_project subpanel
Thu May 12 14:26:39 2011 [7559][1][FATAL] Missing relationship definition aos_products_project. skipping aos_products_project subpanel
Thu May 12 14:27:01 2011 [22369][1][FATAL] Missing relationship definition aos_products_project. skipping aos_products_project subpanel
Thu May 12 14:33:08 2011 [7561][1][FATAL] Missing relationship definition aos_products_project. skipping aos_products_project subpanel
Thu May 12 14:33:13 2011 [14038][1][FATAL] Missing relationship definition aos_products_project. skipping aos_products_project subpanel
Thu May 12 14:33:21 2011 [14040][1][FATAL] Missing relationship definition aos_products_project. skipping aos_products_project subpanel
Thu May 12 14:33:35 2011 [14042][1][FATAL] Missing relationship definition aos_products_project. skipping aos_products_project subpanel
Thu May 12 16:38:19 2011 [7556][1][FATAL] SMTP -> ERROR: MAIL not accepted from server. Code:  Reply:  
Thu May 12 16:38:19 2011 [7556][1][FATAL] SugarPHPMailer encountered an error: The following From address failed: do_not_reply@gtg.local
Thu May 12 16:41:45 2011 [14043][-none-][FATAL] FAILED LOGIN:attempts[1] - dond
Thu May 12 16:41:48 2011 [14038][-none-][FATAL] FAILED LOGIN:attempts[1] - dond
Thu May 12 17:07:03 2011 [7561][8d00f788-59be-528a-9493-4d793a472fb7][FATAL] TIMEZONE:NOT DEFINED-CDT
Thu May 12 17:14:37 2011 [14041][78e68ad4-35d5-fff7-ba79-4d793a0dba52][FATAL] TIMEZONE:NOT DEFINED-CDT
Fri May 13 08:47:33 2011 [14044][1][FATAL] SMTP -> ERROR: MAIL not accepted from server. Code:  Reply:  
Fri May 13 08:47:33 2011 [14044][1][FATAL] SugarPHPMailer encountered an error: The following From address failed: do_not_reply@gtg.local
Fri May 13 08:57:34 2011 [7560][1][FATAL] SMTP -> ERROR: MAIL not accepted from server. Code:  Reply:  
Fri May 13 08:57:34 2011 [7560][1][FATAL] SugarPHPMailer encountered an error: The following From address failed: do_not_reply@gtg.local
Fri May 13 09:08:00 2011 [14043][66109aec-e6ce-ae9e-7239-4d793a9d1417][FATAL] Missing relationship definition aos_products_project. skipping aos_products_project subpanel
Fri May 13 09:22:30 2011 [14040][1][FATAL] SMTP -> ERROR: MAIL not accepted from server. Code:  Reply:  
Fri May 13 09:22:30 2011 [14040][1][FATAL] SugarPHPMailer encountered an error: The following From address failed: do_not_reply@gtg.local
Fri May 13 09:24:18 2011 [14038][1][FATAL] SMTP -> ERROR: MAIL not accepted from server. Code:  Reply:  
Fri May 13 09:24:18 2011 [14038][1][FATAL] SugarPHPMailer encountered an error: The following From address failed: root@dcmaster.gtg.local
Fri May 13 09:27:27 2011 [7561][1][FATAL] SMTP -> ERROR: MAIL not accepted from server. Code:  Reply:  
Fri May 13 09:27:27 2011 [7561][1][FATAL] SugarPHPMailer encountered an error: The following From address failed: root@dcmaster.gtg.local
Fri May 13 09:49:51 2011 [7560][1][FATAL] SMTP -> ERROR:Password not accepted from server. Code: 535 Reply: 535 5.7.3 Authentication unsuccessful
 
Fri May 13 09:49:51 2011 [7560][1][FATAL] SugarPHPMailer encountered an error: SMTP Error: Could not authenticate.
Fri May 13 09:49:56 2011 [7560][1][FATAL] SugarPHPMailer encountered an error: SMTP Error: Could not connect to SMTP host.
Fri May 13 09:49:56 2011 [7560][1][FATAL] SugarPHPMailer encountered an error: An outgoing mail server is not configured to send emails. Please configure an outgoing mail server or select an outgoing mail server for the mail account that you are using in Settings >> Mail Account.
Fri May 13 09:50:36 2011 [7556][1][FATAL] SMTP -> ERROR:Password not accepted from server. Code: 535 Reply: 535 5.7.3 Authentication unsuccessful
 
Fri May 13 09:50:36 2011 [7556][1][FATAL] SugarPHPMailer encountered an error: SMTP Error: Could not authenticate.
Fri May 13 09:50:41 2011 [7556][1][FATAL] SugarPHPMailer encountered an error: SMTP Error: Could not connect to SMTP host.
Fri May 13 09:50:41 2011 [7556][1][FATAL] SugarPHPMailer encountered an error: An outgoing mail server is not configured to send emails. Please configure an outgoing mail server or select an outgoing mail server for the mail account that you are using in Settings >> Mail Account.
Fri May 13 10:04:26 2011 [7557][66109aec-e6ce-ae9e-7239-4d793a9d1417][FATAL] Missing relationship definition aos_products_project. skipping aos_products_project subpanel
Fri May 13 10:05:47 2011 [14042][66109aec-e6ce-ae9e-7239-4d793a9d1417][FATAL] Missing relationship definition aos_products_project. skipping aos_products_project subpanel
Fri May 13 10:07:08 2011 [7556][66109aec-e6ce-ae9e-7239-4d793a9d1417][FATAL] Missing relationship definition aos_products_project. skipping aos_products_project subpanel
Fri May 13 10:07:45 2011 [14041][66109aec-e6ce-ae9e-7239-4d793a9d1417][FATAL] Missing relationship definition aos_products_project. skipping aos_products_project subpanel
Fri May 13 10:08:38 2011 [14045][66109aec-e6ce-ae9e-7239-4d793a9d1417][FATAL] Missing relationship definition aos_products_project. skipping aos_products_project subpanel
Fri May 13 10:12:32 2011 [14042][66109aec-e6ce-ae9e-7239-4d793a9d1417][FATAL] Missing relationship definition aos_products_project. skipping aos_products_project subpanel
Fri May 13 10:13:06 2011 [14044][66109aec-e6ce-ae9e-7239-4d793a9d1417][FATAL] Missing relationship definition aos_products_project. skipping aos_products_project subpanel
Fri May 13 10:16:32 2011 [14041][66109aec-e6ce-ae9e-7239-4d793a9d1417][FATAL] Missing relationship definition aos_products_project. skipping aos_products_project subpanel
Fri May 13 10:17:50 2011 [7560][1][FATAL] Missing relationship definition aos_products_project. skipping aos_products_project subpanel
Fri May 13 10:33:56 2011 [7558][1][FATAL] Missing relationship definition aos_products_project. skipping aos_products_project subpanel
Fri May 13 10:34:12 2011 [22371][1][FATAL] Error fetching relationship from cache projects_quotes
Fri May 13 10:34:12 2011 [22371][1][FATAL] Error fetching relationship from cache projects_products
Fri May 13 10:34:12 2011 [22371][1][FATAL] Error fetching relationship from cache aos_products_project
Fri May 13 10:34:24 2011 [14045][1][FATAL] Missing relationship definition aos_products_project. skipping aos_products_project subpanel
Fri May 13 10:34:37 2011 [7558][1][FATAL] Missing relationship definition aos_products_project. skipping aos_products_project subpanel
Fri May 13 13:40:48 2011 [7559][66109aec-e6ce-ae9e-7239-4d793a9d1417][FATAL] Missing relationship definition aos_products_project. skipping aos_products_project subpanel
Fri May 13 13:55:28 2011 [14039][66109aec-e6ce-ae9e-7239-4d793a9d1417][FATAL] Missing relationship definition aos_products_project. skipping aos_products_project subpanel
Fri May 13 14:02:34 2011 [14044][66109aec-e6ce-ae9e-7239-4d793a9d1417][FATAL] Missing relationship definition aos_products_project. skipping aos_products_project subpanel
Fri May 13 14:07:07 2011 [22371][66109aec-e6ce-ae9e-7239-4d793a9d1417][FATAL] Missing relationship definition aos_products_project. skipping aos_products_project subpanel
Fri May 13 14:26:17 2011 [7562][1][FATAL] HTTP Error: no data present after HTTP headers
Fri May 13 14:26:17 2011 [7562][1][FATAL] HTTP/1.1 100 Continue

HTTP/1.1 500 Internal Server Error
Server: nginx
Date: Fri, 13 May 2011 19:21:23 GMT
Content-Type: text/html
Connection: keep-alive
X-Application-Server: 10.13.10.130
Content-Length: 0


Fri May 13 14:26:19 2011 [7562][1][FATAL] HTTP Error: no data present after HTTP headers
Fri May 13 14:26:19 2011 [7562][1][FATAL] HTTP/1.1 100 Continue

HTTP/1.1 500 Internal Server Error
Server: nginx
Date: Fri, 13 May 2011 19:21:24 GMT
Content-Type: text/html
Connection: keep-alive
X-Application-Server: 10.13.10.130
Content-Length: 0


Fri May 13 14:26:19 2011 [7562][1][FATAL] HTTP Error: no data present after HTTP headers
Fri May 13 14:26:19 2011 [7562][1][FATAL] HTTP/1.1 500 Internal Server Error
Server: nginx
Date: Fri, 13 May 2011 19:21:25 GMT
Content-Type: text/html
Connection: keep-alive
X-Application-Server: 10.13.10.130
Content-Length: 0


Fri May 13 14:54:33 2011 [7562][8d00f788-59be-528a-9493-4d793a472fb7][FATAL] Missing relationship definition aos_products_project. skipping aos_products_project subpanel
Fri May 13 15:04:42 2011 [7561][8d00f788-59be-528a-9493-4d793a472fb7][FATAL] opportunities.name like 'MV %'
Fri May 13 15:04:42 2011 [14040][8d00f788-59be-528a-9493-4d793a472fb7][FATAL] opportunities.name like 'MV P%'
Fri May 13 15:04:44 2011 [14041][8d00f788-59be-528a-9493-4d793a472fb7][FATAL] opportunities.name like 'MV Per%'
Fri May 13 15:04:45 2011 [14041][8d00f788-59be-528a-9493-4d793a472fb7][FATAL] opportunities.name like 'MV Pers%'
Fri May 13 15:04:45 2011 [7559][8d00f788-59be-528a-9493-4d793a472fb7][FATAL] opportunities.name like 'MV Perse%'
Fri May 13 15:04:45 2011 [14041][8d00f788-59be-528a-9493-4d793a472fb7][FATAL] opportunities.name like 'MV Perser%'
Fri May 13 15:04:47 2011 [22371][8d00f788-59be-528a-9493-4d793a472fb7][FATAL] opportunities.name like 'MV Perserv%'
Fri May 13 15:04:50 2011 [14038][8d00f788-59be-528a-9493-4d793a472fb7][FATAL] opportunities.name like 'MV Perserven%'
Fri May 13 15:04:50 2011 [14042][8d00f788-59be-528a-9493-4d793a472fb7][FATAL] opportunities.name like 'MV Perservenc%'
Fri May 13 15:04:51 2011 [14038][8d00f788-59be-528a-9493-4d793a472fb7][FATAL] opportunities.name like 'MV Perservence%'
Fri May 13 15:09:54 2011 [22371][8d00f788-59be-528a-9493-4d793a472fb7][FATAL] Missing relationship definition aos_products_project. skipping aos_products_project subpanel
Fri May 13 15:10:36 2011 [7562][8d00f788-59be-528a-9493-4d793a472fb7][FATAL] Missing relationship definition aos_products_project. skipping aos_products_project subpanel
Fri May 13 15:13:59 2011 [7560][8d00f788-59be-528a-9493-4d793a472fb7][FATAL] opportunities.name like 'MV %'
Fri May 13 15:13:59 2011 [7560][8d00f788-59be-528a-9493-4d793a472fb7][FATAL] opportunities.name like 'MV P%'
Fri May 13 15:14:01 2011 [22370][8d00f788-59be-528a-9493-4d793a472fb7][FATAL] opportunities.name like 'MV Pe%'
Fri May 13 15:14:02 2011 [22370][8d00f788-59be-528a-9493-4d793a472fb7][FATAL] opportunities.name like 'MV Per%'
Fri May 13 15:14:02 2011 [22370][8d00f788-59be-528a-9493-4d793a472fb7][FATAL] opportunities.name like 'MV Pers%'
Fri May 13 15:14:02 2011 [7557][8d00f788-59be-528a-9493-4d793a472fb7][FATAL] opportunities.name like 'MV Perse%'
Fri May 13 15:14:03 2011 [22370][8d00f788-59be-528a-9493-4d793a472fb7][FATAL] opportunities.name like 'MV Perser%'
Fri May 13 15:14:04 2011 [7557][8d00f788-59be-528a-9493-4d793a472fb7][FATAL] opportunities.name like 'MV Perserv%'
Fri May 13 15:14:07 2011 [22369][8d00f788-59be-528a-9493-4d793a472fb7][FATAL] opportunities.name like 'MV Perserven%'
Fri May 13 15:14:07 2011 [22369][8d00f788-59be-528a-9493-4d793a472fb7][FATAL] opportunities.name like 'MV Perservenc%'
Fri May 13 15:14:07 2011 [14039][8d00f788-59be-528a-9493-4d793a472fb7][FATAL] opportunities.name like 'MV Perservence%'
Fri May 13 15:14:11 2011 [14042][8d00f788-59be-528a-9493-4d793a472fb7][FATAL] Missing relationship definition aos_products_project. skipping aos_products_project subpanel
Fri May 13 15:14:26 2011 [14045][8d00f788-59be-528a-9493-4d793a472fb7][FATAL] Missing relationship definition aos_products_project. skipping aos_products_project subpanel
Fri May 13 15:16:48 2011 [14043][8d00f788-59be-528a-9493-4d793a472fb7][FATAL] Missing relationship definition aos_products_project. skipping aos_products_project subpanel
Fri May 13 15:17:06 2011 [14045][8d00f788-59be-528a-9493-4d793a472fb7][FATAL] Missing relationship definition aos_products_project. skipping aos_products_project subpanel
Fri May 13 15:29:29 2011 [7557][8d00f788-59be-528a-9493-4d793a472fb7][FATAL] Missing relationship definition aos_products_project. skipping aos_products_project subpanel
Fri May 13 15:29:44 2011 [14039][8d00f788-59be-528a-9493-4d793a472fb7][FATAL] Missing relationship definition aos_products_project. skipping aos_products_project subpanel
Fri May 13 15:30:22 2011 [14039][8d00f788-59be-528a-9493-4d793a472fb7][FATAL] Missing relationship definition aos_products_project. skipping aos_products_project subpanel
Fri May 13 15:30:52 2011 [14038][8d00f788-59be-528a-9493-4d793a472fb7][FATAL] Missing relationship definition aos_products_project. skipping aos_products_project subpanel
Fri May 13 15:40:08 2011 [14044][8d00f788-59be-528a-9493-4d793a472fb7][FATAL] Missing relationship definition aos_products_project. skipping aos_products_project subpanel
Fri May 13 15:56:35 2011 [7556][8d00f788-59be-528a-9493-4d793a472fb7][FATAL] Missing relationship definition aos_products_project. skipping aos_products_project subpanel
Mon May 16 08:03:23 2011 [4639][8d00f788-59be-528a-9493-4d793a472fb7][FATAL] Missing relationship definition aos_products_project. skipping aos_products_project subpanel
Mon May 16 08:06:18 2011 [4641][8d00f788-59be-528a-9493-4d793a472fb7][FATAL] Missing relationship definition aos_products_project. skipping aos_products_project subpanel
Mon May 16 08:52:16 2011 [4637][-none-][FATAL] SECURITY: User authentication for admin failed
Mon May 16 08:52:16 2011 [4637][-none-][FATAL] FAILED LOGIN:attempts[1] - admin
Mon May 16 08:57:23 2011 [4639][66109aec-e6ce-ae9e-7239-4d793a9d1417][FATAL] Missing relationship definition aos_products_project. skipping aos_products_project subpanel
Mon May 16 09:06:29 2011 [12793][66109aec-e6ce-ae9e-7239-4d793a9d1417][FATAL] Missing relationship definition aos_products_project. skipping aos_products_project subpanel
Mon May 16 09:07:19 2011 [12789][66109aec-e6ce-ae9e-7239-4d793a9d1417][FATAL] Missing relationship definition aos_products_project. skipping aos_products_project subpanel
Mon May 16 09:16:57 2011 [12794][-none-][FATAL] SECURITY: User authentication for kirkl failed
Mon May 16 09:16:57 2011 [12794][-none-][FATAL] FAILED LOGIN:attempts[1] - kirkl
Mon May 16 10:16:54 2011 [12822][66109aec-e6ce-ae9e-7239-4d793a9d1417][FATAL] Missing relationship definition aos_products_project. skipping aos_products_project subpanel
Mon May 16 10:41:58 2011 [12794][66109aec-e6ce-ae9e-7239-4d793a9d1417][FATAL] Missing relationship definition aos_products_project. skipping aos_products_project subpanel
Mon May 16 10:44:05 2011 [12795][8b01e9cd-8545-0677-b533-4d793a6aa839][FATAL] TIMEZONE:NOT DEFINED-CDT
Mon May 16 10:44:25 2011 [12787][8b01e9cd-8545-0677-b533-4d793a6aa839][FATAL] TIMEZONE:NOT DEFINED-CDT
Mon May 16 10:47:38 2011 [4639][8b01e9cd-8545-0677-b533-4d793a6aa839][FATAL] Missing relationship definition aos_products_project. skipping aos_products_project subpanel
Mon May 16 10:49:02 2011 [12797][8b01e9cd-8545-0677-b533-4d793a6aa839][FATAL] Missing relationship definition aos_products_project. skipping aos_products_project subpanel
Mon May 16 10:51:27 2011 [4635][8b01e9cd-8545-0677-b533-4d793a6aa839][FATAL] Missing relationship definition aos_products_project. skipping aos_products_project subpanel
Mon May 16 10:54:44 2011 [12797][66109aec-e6ce-ae9e-7239-4d793a9d1417][FATAL] Missing relationship definition aos_products_project. skipping aos_products_project subpanel
Mon May 16 10:54:47 2011 [4639][8b01e9cd-8545-0677-b533-4d793a6aa839][FATAL] Missing relationship definition aos_products_project. skipping aos_products_project subpanel
Mon May 16 10:55:54 2011 [12800][66109aec-e6ce-ae9e-7239-4d793a9d1417][FATAL] Missing relationship definition aos_products_project. skipping aos_products_project subpanel
Mon May 16 10:56:14 2011 [4638][66109aec-e6ce-ae9e-7239-4d793a9d1417][FATAL] Missing relationship definition aos_products_project. skipping aos_products_project subpanel
Mon May 16 10:58:09 2011 [12787][8b01e9cd-8545-0677-b533-4d793a6aa839][FATAL] Missing relationship definition aos_products_project. skipping aos_products_project subpanel
Mon May 16 10:59:55 2011 [12794][8b01e9cd-8545-0677-b533-4d793a6aa839][FATAL] Missing relationship definition aos_products_project. skipping aos_products_project subpanel
Mon May 16 11:05:42 2011 [12795][1][FATAL] Missing relationship definition aos_products_project. skipping aos_products_project subpanel
Mon May 16 11:07:29 2011 [4638][8b01e9cd-8545-0677-b533-4d793a6aa839][FATAL] Missing relationship definition aos_products_project. skipping aos_products_project subpanel
Mon May 16 11:11:52 2011 [4638][1][FATAL] Missing relationship definition aos_products_project. skipping aos_products_project subpanel
Mon May 16 13:50:21 2011 [12794][8d00f788-59be-528a-9493-4d793a472fb7][FATAL] Missing relationship definition aos_products_project. skipping aos_products_project subpanel
Mon May 16 13:50:46 2011 [12793][8d00f788-59be-528a-9493-4d793a472fb7][FATAL] Missing relationship definition aos_products_project. skipping aos_products_project subpanel
Mon May 16 13:57:09 2011 [12788][8d00f788-59be-528a-9493-4d793a472fb7][FATAL] Missing relationship definition aos_products_project. skipping aos_products_project subpanel
Mon May 16 14:19:28 2011 [12787][66109aec-e6ce-ae9e-7239-4d793a9d1417][FATAL] Missing relationship definition aos_products_project. skipping aos_products_project subpanel
Mon May 16 14:21:07 2011 [12795][66109aec-e6ce-ae9e-7239-4d793a9d1417][FATAL] Missing relationship definition aos_products_project. skipping aos_products_project subpanel
Mon May 16 14:22:27 2011 [12793][66109aec-e6ce-ae9e-7239-4d793a9d1417][FATAL] Missing relationship definition aos_products_project. skipping aos_products_project subpanel
Mon May 16 14:23:07 2011 [4638][66109aec-e6ce-ae9e-7239-4d793a9d1417][FATAL] Missing relationship definition aos_products_project. skipping aos_products_project subpanel
Mon May 16 14:23:10 2011 [12822][66109aec-e6ce-ae9e-7239-4d793a9d1417][FATAL] Missing relationship definition aos_products_project. skipping aos_products_project subpanel
Mon May 16 15:24:40 2011 [4639][8b01e9cd-8545-0677-b533-4d793a6aa839][FATAL] Missing relationship definition aos_products_project. skipping aos_products_project subpanel
Mon May 16 15:25:00 2011 [12819][8b01e9cd-8545-0677-b533-4d793a6aa839][FATAL] Missing relationship definition aos_products_project. skipping aos_products_project subpanel
Mon May 16 15:31:19 2011 [4639][66109aec-e6ce-ae9e-7239-4d793a9d1417][FATAL] Missing relationship definition aos_products_project. skipping aos_products_project subpanel
Mon May 16 15:34:39 2011 [12787][66109aec-e6ce-ae9e-7239-4d793a9d1417][FATAL] Missing relationship definition aos_products_project. skipping aos_products_project subpanel
Mon May 16 15:36:11 2011 [4636][66109aec-e6ce-ae9e-7239-4d793a9d1417][FATAL] Missing relationship definition aos_products_project. skipping aos_products_project subpanel
Mon May 16 15:39:45 2011 [12788][66109aec-e6ce-ae9e-7239-4d793a9d1417][FATAL] Missing relationship definition aos_products_project. skipping aos_products_project subpanel
Mon May 16 15:40:12 2011 [12789][66109aec-e6ce-ae9e-7239-4d793a9d1417][FATAL] Missing relationship definition aos_products_project. skipping aos_products_project subpanel
Mon May 16 15:51:03 2011 [12791][66109aec-e6ce-ae9e-7239-4d793a9d1417][FATAL] Missing relationship definition aos_products_project. skipping aos_products_project subpanel
Mon May 16 15:51:46 2011 [12787][66109aec-e6ce-ae9e-7239-4d793a9d1417][FATAL] Missing relationship definition aos_products_project. skipping aos_products_project subpanel
Mon May 16 15:52:19 2011 [4641][66109aec-e6ce-ae9e-7239-4d793a9d1417][FATAL] Missing relationship definition aos_products_project. skipping aos_products_project subpanel
Mon May 16 15:52:37 2011 [12789][66109aec-e6ce-ae9e-7239-4d793a9d1417][FATAL] Missing relationship definition aos_products_project. skipping aos_products_project subpanel
Mon May 16 16:22:38 2011 [12787][66109aec-e6ce-ae9e-7239-4d793a9d1417][FATAL] Missing relationship definition aos_products_project. skipping aos_products_project subpanel
Mon May 16 16:25:29 2011 [12797][66109aec-e6ce-ae9e-7239-4d793a9d1417][FATAL] Missing relationship definition aos_products_project. skipping aos_products_project subpanel
Mon May 16 16:27:11 2011 [12793][66109aec-e6ce-ae9e-7239-4d793a9d1417][FATAL] Missing relationship definition aos_products_project. skipping aos_products_project subpanel
Mon May 16 16:27:41 2011 [12819][66109aec-e6ce-ae9e-7239-4d793a9d1417][FATAL] Missing relationship definition aos_products_project. skipping aos_products_project subpanel
Mon May 16 16:28:43 2011 [4639][66109aec-e6ce-ae9e-7239-4d793a9d1417][FATAL] Missing relationship definition aos_products_project. skipping aos_products_project subpanel
Mon May 16 16:49:04 2011 [4638][66109aec-e6ce-ae9e-7239-4d793a9d1417][FATAL] Missing relationship definition aos_products_project. skipping aos_products_project subpanel
Mon May 16 16:51:53 2011 [4638][66109aec-e6ce-ae9e-7239-4d793a9d1417][FATAL] Missing relationship definition aos_products_project. skipping aos_products_project subpanel
Mon May 16 16:52:13 2011 [12791][66109aec-e6ce-ae9e-7239-4d793a9d1417][FATAL] Missing relationship definition aos_products_project. skipping aos_products_project subpanel
Tue May 17 07:29:49 2011 [12790][66109aec-e6ce-ae9e-7239-4d793a9d1417][FATAL] Missing relationship definition aos_products_project. skipping aos_products_project subpanel
Tue May 17 07:35:50 2011 [12795][66109aec-e6ce-ae9e-7239-4d793a9d1417][FATAL] Missing relationship definition aos_products_project. skipping aos_products_project subpanel
Tue May 17 07:36:54 2011 [12818][66109aec-e6ce-ae9e-7239-4d793a9d1417][FATAL] Missing relationship definition aos_products_project. skipping aos_products_project subpanel
Tue May 17 07:43:58 2011 [12800][6e1d27a9-8c4c-0952-e146-4d793a55a4cf][FATAL] TIMEZONE:NOT DEFINED-CDT
Tue May 17 07:45:11 2011 [12819][6e1d27a9-8c4c-0952-e146-4d793a55a4cf][FATAL] Missing relationship definition aos_products_project. skipping aos_products_project subpanel
Tue May 17 07:46:14 2011 [12790][6e1d27a9-8c4c-0952-e146-4d793a55a4cf][FATAL] Missing relationship definition aos_products_project. skipping aos_products_project subpanel
Tue May 17 07:47:04 2011 [4639][6e1d27a9-8c4c-0952-e146-4d793a55a4cf][FATAL] Missing relationship definition aos_products_project. skipping aos_products_project subpanel
Tue May 17 07:47:15 2011 [12822][6e1d27a9-8c4c-0952-e146-4d793a55a4cf][FATAL] Missing relationship definition aos_products_project. skipping aos_products_project subpanel
Tue May 17 08:23:22 2011 [4639][66109aec-e6ce-ae9e-7239-4d793a9d1417][FATAL] Missing relationship definition aos_products_project. skipping aos_products_project subpanel
Tue May 17 08:24:04 2011 [12794][66109aec-e6ce-ae9e-7239-4d793a9d1417][FATAL] Missing relationship definition aos_products_project. skipping aos_products_project subpanel
Tue May 17 08:24:45 2011 [12800][66109aec-e6ce-ae9e-7239-4d793a9d1417][FATAL] Missing relationship definition aos_products_project. skipping aos_products_project subpanel
Tue May 17 08:27:54 2011 [12788][66109aec-e6ce-ae9e-7239-4d793a9d1417][FATAL] Missing relationship definition aos_products_project. skipping aos_products_project subpanel
Tue May 17 09:00:46 2011 [12819][66109aec-e6ce-ae9e-7239-4d793a9d1417][FATAL] Missing relationship definition aos_products_project. skipping aos_products_project subpanel
Tue May 17 09:01:03 2011 [4639][66109aec-e6ce-ae9e-7239-4d793a9d1417][FATAL] Missing relationship definition aos_products_project. skipping aos_products_project subpanel
Tue May 17 09:01:27 2011 [4638][66109aec-e6ce-ae9e-7239-4d793a9d1417][FATAL] Missing relationship definition aos_products_project. skipping aos_products_project subpanel
Tue May 17 09:01:59 2011 [12793][66109aec-e6ce-ae9e-7239-4d793a9d1417][FATAL] Missing relationship definition aos_products_project. skipping aos_products_project subpanel
Tue May 17 09:02:35 2011 [12795][66109aec-e6ce-ae9e-7239-4d793a9d1417][FATAL] Missing relationship definition aos_products_project. skipping aos_products_project subpanel
Tue May 17 09:02:58 2011 [12800][66109aec-e6ce-ae9e-7239-4d793a9d1417][FATAL] Missing relationship definition aos_products_project. skipping aos_products_project subpanel
Tue May 17 09:04:19 2011 [4635][66109aec-e6ce-ae9e-7239-4d793a9d1417][FATAL] Missing relationship definition aos_products_project. skipping aos_products_project subpanel
Tue May 17 09:10:19 2011 [4638][66109aec-e6ce-ae9e-7239-4d793a9d1417][FATAL] Missing relationship definition aos_products_project. skipping aos_products_project subpanel
Tue May 17 09:11:27 2011 [12796][66109aec-e6ce-ae9e-7239-4d793a9d1417][FATAL] Missing relationship definition aos_products_project. skipping aos_products_project subpanel
Tue May 17 09:11:49 2011 [12822][1][FATAL] Missing relationship definition aos_products_project. skipping aos_products_project subpanel
Tue May 17 09:41:29 2011 [4638][8b01e9cd-8545-0677-b533-4d793a6aa839][FATAL] Missing relationship definition aos_products_project. skipping aos_products_project subpanel
Tue May 17 09:43:31 2011 [12819][8b01e9cd-8545-0677-b533-4d793a6aa839][FATAL] Missing relationship definition aos_products_project. skipping aos_products_project subpanel
Tue May 17 09:47:18 2011 [12796][8b01e9cd-8545-0677-b533-4d793a6aa839][FATAL] Missing relationship definition aos_products_project. skipping aos_products_project subpanel
Tue May 17 09:48:35 2011 [4637][8b01e9cd-8545-0677-b533-4d793a6aa839][FATAL] Missing relationship definition aos_products_project. skipping aos_products_project subpanel
Tue May 17 09:50:12 2011 [12794][8b01e9cd-8545-0677-b533-4d793a6aa839][FATAL] Missing relationship definition aos_products_project. skipping aos_products_project subpanel
Tue May 17 09:58:09 2011 [12787][8d00f788-59be-528a-9493-4d793a472fb7][FATAL] Missing relationship definition aos_products_project. skipping aos_products_project subpanel
Tue May 17 10:00:09 2011 [4639][8b01e9cd-8545-0677-b533-4d793a6aa839][FATAL] Missing relationship definition aos_products_project. skipping aos_products_project subpanel
Tue May 17 10:01:36 2011 [12818][8b01e9cd-8545-0677-b533-4d793a6aa839][FATAL] Missing relationship definition aos_products_project. skipping aos_products_project subpanel
Tue May 17 10:02:15 2011 [12819][8b01e9cd-8545-0677-b533-4d793a6aa839][FATAL] Missing relationship definition aos_products_project. skipping aos_products_project subpanel
Tue May 17 10:03:15 2011 [12819][8b01e9cd-8545-0677-b533-4d793a6aa839][FATAL] Missing relationship definition aos_products_project. skipping aos_products_project subpanel
Tue May 17 10:04:08 2011 [12788][8b01e9cd-8545-0677-b533-4d793a6aa839][FATAL] Missing relationship definition aos_products_project. skipping aos_products_project subpanel
Tue May 17 10:05:15 2011 [4636][8b01e9cd-8545-0677-b533-4d793a6aa839][FATAL] Missing relationship definition aos_products_project. skipping aos_products_project subpanel
Tue May 17 10:06:10 2011 [12789][8b01e9cd-8545-0677-b533-4d793a6aa839][FATAL] Missing relationship definition aos_products_project. skipping aos_products_project subpanel
Tue May 17 10:07:12 2011 [4635][8b01e9cd-8545-0677-b533-4d793a6aa839][FATAL] Missing relationship definition aos_products_project. skipping aos_products_project subpanel
Tue May 17 10:08:36 2011 [12787][8d00f788-59be-528a-9493-4d793a472fb7][FATAL] Missing relationship definition aos_products_project. skipping aos_products_project subpanel
Tue May 17 10:09:30 2011 [12819][8b01e9cd-8545-0677-b533-4d793a6aa839][FATAL] Missing relationship definition aos_products_project. skipping aos_products_project subpanel
Tue May 17 10:11:13 2011 [12818][8b01e9cd-8545-0677-b533-4d793a6aa839][FATAL] Missing relationship definition aos_products_project. skipping aos_products_project subpanel
Tue May 17 10:11:32 2011 [12789][8b01e9cd-8545-0677-b533-4d793a6aa839][FATAL] Missing relationship definition aos_products_project. skipping aos_products_project subpanel
Tue May 17 10:11:43 2011 [12793][66109aec-e6ce-ae9e-7239-4d793a9d1417][FATAL] Missing relationship definition aos_products_project. skipping aos_products_project subpanel
Tue May 17 10:11:44 2011 [4638][8d00f788-59be-528a-9493-4d793a472fb7][FATAL] Missing relationship definition aos_products_project. skipping aos_products_project subpanel
Tue May 17 10:13:19 2011 [4637][8d00f788-59be-528a-9493-4d793a472fb7][FATAL] Missing relationship definition aos_products_project. skipping aos_products_project subpanel
Tue May 17 10:13:54 2011 [4635][66109aec-e6ce-ae9e-7239-4d793a9d1417][FATAL] Missing relationship definition aos_products_project. skipping aos_products_project subpanel
Tue May 17 10:14:07 2011 [12796][66109aec-e6ce-ae9e-7239-4d793a9d1417][FATAL] Missing relationship definition aos_products_project. skipping aos_products_project subpanel
Tue May 17 10:14:09 2011 [12794][8b01e9cd-8545-0677-b533-4d793a6aa839][FATAL] Missing relationship definition aos_products_project. skipping aos_products_project subpanel
Tue May 17 10:15:11 2011 [12818][8b01e9cd-8545-0677-b533-4d793a6aa839][FATAL] Missing relationship definition aos_products_project. skipping aos_products_project subpanel
Tue May 17 10:17:53 2011 [12797][66109aec-e6ce-ae9e-7239-4d793a9d1417][FATAL] Missing relationship definition aos_products_project. skipping aos_products_project subpanel
Tue May 17 10:19:24 2011 [12797][66109aec-e6ce-ae9e-7239-4d793a9d1417][FATAL] Missing relationship definition aos_products_project. skipping aos_products_project subpanel
Tue May 17 10:19:44 2011 [12787][8b01e9cd-8545-0677-b533-4d793a6aa839][FATAL] Missing relationship definition aos_products_project. skipping aos_products_project subpanel
Tue May 17 10:19:46 2011 [4636][66109aec-e6ce-ae9e-7239-4d793a9d1417][FATAL] Missing relationship definition aos_products_project. skipping aos_products_project subpanel
Tue May 17 10:20:10 2011 [12790][66109aec-e6ce-ae9e-7239-4d793a9d1417][FATAL] Missing relationship definition aos_products_project. skipping aos_products_project subpanel
Tue May 17 10:20:16 2011 [12795][8b01e9cd-8545-0677-b533-4d793a6aa839][FATAL] Missing relationship definition aos_products_project. skipping aos_products_project subpanel
Tue May 17 10:21:13 2011 [4638][66109aec-e6ce-ae9e-7239-4d793a9d1417][FATAL] Missing relationship definition aos_products_project. skipping aos_products_project subpanel
Tue May 17 10:21:40 2011 [4637][66109aec-e6ce-ae9e-7239-4d793a9d1417][FATAL] Missing relationship definition aos_products_project. skipping aos_products_project subpanel
Tue May 17 10:22:24 2011 [12818][66109aec-e6ce-ae9e-7239-4d793a9d1417][FATAL] Missing relationship definition aos_products_project. skipping aos_products_project subpanel
Tue May 17 10:22:37 2011 [12797][66109aec-e6ce-ae9e-7239-4d793a9d1417][FATAL] Missing relationship definition aos_products_project. skipping aos_products_project subpanel
Tue May 17 10:23:28 2011 [12794][8b01e9cd-8545-0677-b533-4d793a6aa839][FATAL] Missing relationship definition aos_products_project. skipping aos_products_project subpanel
Tue May 17 10:24:52 2011 [12788][8b01e9cd-8545-0677-b533-4d793a6aa839][FATAL] Missing relationship definition aos_products_project. skipping aos_products_project subpanel
Tue May 17 10:26:35 2011 [12818][8b01e9cd-8545-0677-b533-4d793a6aa839][FATAL] Missing relationship definition aos_products_project. skipping aos_products_project subpanel
Tue May 17 10:26:52 2011 [4636][8b01e9cd-8545-0677-b533-4d793a6aa839][FATAL] Missing relationship definition aos_products_project. skipping aos_products_project subpanel
Tue May 17 10:27:55 2011 [12791][8b01e9cd-8545-0677-b533-4d793a6aa839][FATAL] Missing relationship definition aos_products_project. skipping aos_products_project subpanel
Tue May 17 10:28:01 2011 [12796][66109aec-e6ce-ae9e-7239-4d793a9d1417][FATAL] Missing relationship definition aos_products_project. skipping aos_products_project subpanel
Tue May 17 10:29:05 2011 [12797][8b01e9cd-8545-0677-b533-4d793a6aa839][FATAL] Missing relationship definition aos_products_project. skipping aos_products_project subpanel
Tue May 17 10:29:22 2011 [12789][66109aec-e6ce-ae9e-7239-4d793a9d1417][FATAL] Missing relationship definition aos_products_project. skipping aos_products_project subpanel
Tue May 17 10:29:35 2011 [12819][8b01e9cd-8545-0677-b533-4d793a6aa839][FATAL] Missing relationship definition aos_products_project. skipping aos_products_project subpanel
Tue May 17 10:32:58 2011 [12800][8b01e9cd-8545-0677-b533-4d793a6aa839][FATAL] Missing relationship definition aos_products_project. skipping aos_products_project subpanel
Tue May 17 10:43:01 2011 [12818][66109aec-e6ce-ae9e-7239-4d793a9d1417][FATAL] Notifications: e-mail successfully sent
Tue May 17 10:50:22 2011 [4639][8d00f788-59be-528a-9493-4d793a472fb7][FATAL] Missing relationship definition aos_products_project. skipping aos_products_project subpanel
Tue May 17 10:52:24 2011 [12819][66109aec-e6ce-ae9e-7239-4d793a9d1417][FATAL] Missing relationship definition aos_products_project. skipping aos_products_project subpanel
Tue May 17 10:52:56 2011 [12796][66109aec-e6ce-ae9e-7239-4d793a9d1417][FATAL] Missing relationship definition aos_products_project. skipping aos_products_project subpanel
Tue May 17 12:44:04 2011 [12822][66109aec-e6ce-ae9e-7239-4d793a9d1417][FATAL] Missing relationship definition aos_products_project. skipping aos_products_project subpanel
Tue May 17 12:45:00 2011 [4641][66109aec-e6ce-ae9e-7239-4d793a9d1417][FATAL] Missing relationship definition aos_products_project. skipping aos_products_project subpanel
Tue May 17 13:08:10 2011 [12788][8d00f788-59be-528a-9493-4d793a472fb7][FATAL] Missing relationship definition aos_products_project. skipping aos_products_project subpanel
Tue May 17 13:16:57 2011 [12800][8b01e9cd-8545-0677-b533-4d793a6aa839][FATAL] Missing relationship definition aos_products_project. skipping aos_products_project subpanel
Tue May 17 13:19:04 2011 [4637][8d00f788-59be-528a-9493-4d793a472fb7][FATAL] Missing relationship definition aos_products_project. skipping aos_products_project subpanel
Tue May 17 13:20:00 2011 [4638][8d00f788-59be-528a-9493-4d793a472fb7][FATAL] Missing relationship definition aos_products_project. skipping aos_products_project subpanel
Tue May 17 13:25:08 2011 [4637][8d00f788-59be-528a-9493-4d793a472fb7][FATAL] Missing relationship definition aos_products_project. skipping aos_products_project subpanel
Tue May 17 13:28:10 2011 [12789][8d00f788-59be-528a-9493-4d793a472fb7][FATAL] Missing relationship definition aos_products_project. skipping aos_products_project subpanel
Tue May 17 13:38:29 2011 [12819][8d00f788-59be-528a-9493-4d793a472fb7][FATAL] Missing relationship definition aos_products_project. skipping aos_products_project subpanel
Tue May 17 13:38:52 2011 [12791][8d00f788-59be-528a-9493-4d793a472fb7][FATAL] Missing relationship definition aos_products_project. skipping aos_products_project subpanel
Tue May 17 13:39:47 2011 [12788][8d00f788-59be-528a-9493-4d793a472fb7][FATAL] Missing relationship definition aos_products_project. skipping aos_products_project subpanel
Tue May 17 13:40:28 2011 [12818][66109aec-e6ce-ae9e-7239-4d793a9d1417][FATAL] Missing relationship definition aos_products_project. skipping aos_products_project subpanel
Tue May 17 13:40:44 2011 [12789][8d00f788-59be-528a-9493-4d793a472fb7][FATAL] Missing relationship definition aos_products_project. skipping aos_products_project subpanel
Tue May 17 13:41:19 2011 [4641][8d00f788-59be-528a-9493-4d793a472fb7][FATAL] Missing relationship definition aos_products_project. skipping aos_products_project subpanel
Tue May 17 13:41:43 2011 [4639][8d00f788-59be-528a-9493-4d793a472fb7][FATAL] Missing relationship definition aos_products_project. skipping aos_products_project subpanel
Tue May 17 14:02:41 2011 [12794][66109aec-e6ce-ae9e-7239-4d793a9d1417][FATAL] Missing relationship definition aos_products_project. skipping aos_products_project subpanel
Tue May 17 14:07:18 2011 [12800][66109aec-e6ce-ae9e-7239-4d793a9d1417][FATAL] Missing relationship definition aos_products_project. skipping aos_products_project subpanel
Tue May 17 14:07:42 2011 [12819][66109aec-e6ce-ae9e-7239-4d793a9d1417][FATAL] Missing relationship definition aos_products_project. skipping aos_products_project subpanel
Tue May 17 14:07:55 2011 [12788][66109aec-e6ce-ae9e-7239-4d793a9d1417][FATAL] Missing relationship definition aos_products_project. skipping aos_products_project subpanel
Tue May 17 14:08:13 2011 [4637][66109aec-e6ce-ae9e-7239-4d793a9d1417][FATAL] Missing relationship definition aos_products_project. skipping aos_products_project subpanel
Tue May 17 14:08:34 2011 [12795][66109aec-e6ce-ae9e-7239-4d793a9d1417][FATAL] Missing relationship definition aos_products_project. skipping aos_products_project subpanel
Tue May 17 14:08:39 2011 [4639][66109aec-e6ce-ae9e-7239-4d793a9d1417][FATAL] Missing relationship definition aos_products_project. skipping aos_products_project subpanel
Tue May 17 14:08:57 2011 [4636][66109aec-e6ce-ae9e-7239-4d793a9d1417][FATAL] Missing relationship definition aos_products_project. skipping aos_products_project subpanel
Tue May 17 14:11:15 2011 [4637][66109aec-e6ce-ae9e-7239-4d793a9d1417][FATAL] Notifications: e-mail successfully sent
Tue May 17 14:11:22 2011 [12822][66109aec-e6ce-ae9e-7239-4d793a9d1417][FATAL] Missing relationship definition aos_products_project. skipping aos_products_project subpanel
Tue May 17 14:23:10 2011 [4638][8d00f788-59be-528a-9493-4d793a472fb7][FATAL] Missing relationship definition aos_products_project. skipping aos_products_project subpanel
Tue May 17 14:29:33 2011 [12800][8d00f788-59be-528a-9493-4d793a472fb7][FATAL] Missing relationship definition aos_products_project. skipping aos_products_project subpanel
Tue May 17 14:32:07 2011 [12796][66109aec-e6ce-ae9e-7239-4d793a9d1417][FATAL] Missing relationship definition aos_products_project. skipping aos_products_project subpanel
Tue May 17 15:05:13 2011 [12787][8d00f788-59be-528a-9493-4d793a472fb7][FATAL] Missing relationship definition aos_products_project. skipping aos_products_project subpanel
Tue May 17 15:13:27 2011 [12797][66109aec-e6ce-ae9e-7239-4d793a9d1417][FATAL] Notifications: e-mail successfully sent
Tue May 17 15:15:55 2011 [12794][8d00f788-59be-528a-9493-4d793a472fb7][FATAL] Notifications: e-mail successfully sent
Tue May 17 15:28:22 2011 [12790][66109aec-e6ce-ae9e-7239-4d793a9d1417][FATAL] Notifications: e-mail successfully sent
Tue May 17 15:28:23 2011 [4636][8d00f788-59be-528a-9493-4d793a472fb7][FATAL] Missing relationship definition aos_products_project. skipping aos_products_project subpanel
Tue May 17 15:28:52 2011 [12793][66109aec-e6ce-ae9e-7239-4d793a9d1417][FATAL] Notifications: e-mail successfully sent
Tue May 17 15:29:32 2011 [4639][8d00f788-59be-528a-9493-4d793a472fb7][FATAL] Missing relationship definition aos_products_project. skipping aos_products_project subpanel
Tue May 17 15:29:49 2011 [12791][8d00f788-59be-528a-9493-4d793a472fb7][FATAL] Missing relationship definition aos_products_project. skipping aos_products_project subpanel
Tue May 17 15:31:46 2011 [12791][8d00f788-59be-528a-9493-4d793a472fb7][FATAL] Missing relationship definition aos_products_project. skipping aos_products_project subpanel
Tue May 17 15:32:44 2011 [4641][8d00f788-59be-528a-9493-4d793a472fb7][FATAL] Missing relationship definition aos_products_project. skipping aos_products_project subpanel
Tue May 17 15:36:26 2011 [12797][8d00f788-59be-528a-9493-4d793a472fb7][FATAL] Missing relationship definition aos_products_project. skipping aos_products_project subpanel
Tue May 17 15:36:47 2011 [12819][8d00f788-59be-528a-9493-4d793a472fb7][FATAL] Missing relationship definition aos_products_project. skipping aos_products_project subpanel
Tue May 17 15:37:05 2011 [4641][8d00f788-59be-528a-9493-4d793a472fb7][FATAL] Missing relationship definition aos_products_project. skipping aos_products_project subpanel
Tue May 17 15:37:21 2011 [12795][8d00f788-59be-528a-9493-4d793a472fb7][FATAL] Missing relationship definition aos_products_project. skipping aos_products_project subpanel
Tue May 17 15:38:22 2011 [12788][8d00f788-59be-528a-9493-4d793a472fb7][FATAL] Missing relationship definition aos_products_project. skipping aos_products_project subpanel
Tue May 17 15:39:01 2011 [12791][8d00f788-59be-528a-9493-4d793a472fb7][FATAL] Missing relationship definition aos_products_project. skipping aos_products_project subpanel
Tue May 17 15:39:49 2011 [4638][8d00f788-59be-528a-9493-4d793a472fb7][FATAL] Missing relationship definition aos_products_project. skipping aos_products_project subpanel
Tue May 17 15:44:46 2011 [4635][8d00f788-59be-528a-9493-4d793a472fb7][FATAL] Missing relationship definition aos_products_project. skipping aos_products_project subpanel
Tue May 17 15:46:20 2011 [12822][8d00f788-59be-528a-9493-4d793a472fb7][FATAL] Notifications: e-mail successfully sent
Tue May 17 15:51:06 2011 [12795][8d00f788-59be-528a-9493-4d793a472fb7][FATAL] Missing relationship definition aos_products_project. skipping aos_products_project subpanel
Tue May 17 15:53:01 2011 [4641][8d00f788-59be-528a-9493-4d793a472fb7][FATAL] Missing relationship definition aos_products_project. skipping aos_products_project subpanel
Tue May 17 15:54:45 2011 [4637][8d00f788-59be-528a-9493-4d793a472fb7][FATAL] Missing relationship definition aos_products_project. skipping aos_products_project subpanel
Tue May 17 15:58:34 2011 [4635][66109aec-e6ce-ae9e-7239-4d793a9d1417][FATAL] Missing relationship definition aos_products_project. skipping aos_products_project subpanel
Tue May 17 15:59:02 2011 [12796][66109aec-e6ce-ae9e-7239-4d793a9d1417][FATAL] Missing relationship definition aos_products_project. skipping aos_products_project subpanel
Tue May 17 15:59:23 2011 [12794][66109aec-e6ce-ae9e-7239-4d793a9d1417][FATAL] Missing relationship definition aos_products_project. skipping aos_products_project subpanel
Tue May 17 15:59:43 2011 [12800][1][FATAL] Missing relationship definition aos_products_project. skipping aos_products_project subpanel
Tue May 17 16:00:42 2011 [4638][66109aec-e6ce-ae9e-7239-4d793a9d1417][FATAL] Missing relationship definition aos_products_project. skipping aos_products_project subpanel
Tue May 17 16:22:52 2011 [12822][8d00f788-59be-528a-9493-4d793a472fb7][FATAL] Notifications: e-mail successfully sent
Tue May 17 16:23:00 2011 [12790][8d00f788-59be-528a-9493-4d793a472fb7][FATAL] Missing relationship definition aos_products_project. skipping aos_products_project subpanel
Tue May 17 16:23:58 2011 [12797][8d00f788-59be-528a-9493-4d793a472fb7][FATAL] Missing relationship definition aos_products_project. skipping aos_products_project subpanel
Tue May 17 16:29:19 2011 [12793][8d00f788-59be-528a-9493-4d793a472fb7][FATAL] Missing relationship definition aos_products_project. skipping aos_products_project subpanel
Tue May 17 16:30:13 2011 [4637][8d00f788-59be-528a-9493-4d793a472fb7][FATAL] Missing relationship definition aos_products_project. skipping aos_products_project subpanel
Tue May 17 16:31:09 2011 [12789][66109aec-e6ce-ae9e-7239-4d793a9d1417][FATAL] Notifications: e-mail successfully sent
Tue May 17 16:33:39 2011 [12787][8d00f788-59be-528a-9493-4d793a472fb7][FATAL] Missing relationship definition aos_products_project. skipping aos_products_project subpanel
Tue May 17 16:33:47 2011 [12797][66109aec-e6ce-ae9e-7239-4d793a9d1417][FATAL] Missing relationship definition aos_products_project. skipping aos_products_project subpanel
Tue May 17 16:34:59 2011 [12796][66109aec-e6ce-ae9e-7239-4d793a9d1417][FATAL] Missing relationship definition aos_products_project. skipping aos_products_project subpanel
Tue May 17 21:18:53 2011 [12797][6e1d27a9-8c4c-0952-e146-4d793a55a4cf][FATAL] Missing relationship definition aos_products_project. skipping aos_products_project subpanel
Tue May 17 21:19:15 2011 [4639][6e1d27a9-8c4c-0952-e146-4d793a55a4cf][FATAL] Missing relationship definition aos_products_project. skipping aos_products_project subpanel
Wed May 18 07:26:18 2011 [4638][66109aec-e6ce-ae9e-7239-4d793a9d1417][FATAL] Missing relationship definition aos_products_project. skipping aos_products_project subpanel
Wed May 18 07:26:51 2011 [12819][66109aec-e6ce-ae9e-7239-4d793a9d1417][FATAL] Missing relationship definition aos_products_project. skipping aos_products_project subpanel
Wed May 18 07:30:05 2011 [12800][8d00f788-59be-528a-9493-4d793a472fb7][FATAL] Missing relationship definition aos_products_project. skipping aos_products_project subpanel
Wed May 18 07:39:53 2011 [12787][66109aec-e6ce-ae9e-7239-4d793a9d1417][FATAL] Missing relationship definition aos_products_project. skipping aos_products_project subpanel
Wed May 18 07:40:45 2011 [4639][66109aec-e6ce-ae9e-7239-4d793a9d1417][FATAL] Missing relationship definition aos_products_project. skipping aos_products_project subpanel
Wed May 18 07:43:30 2011 [4636][8d00f788-59be-528a-9493-4d793a472fb7][FATAL] Missing relationship definition aos_products_project. skipping aos_products_project subpanel
Wed May 18 07:44:26 2011 [12819][8d00f788-59be-528a-9493-4d793a472fb7][FATAL] Missing relationship definition aos_products_project. skipping aos_products_project subpanel
Wed May 18 07:45:33 2011 [12788][8d00f788-59be-528a-9493-4d793a472fb7][FATAL] Missing relationship definition aos_products_project. skipping aos_products_project subpanel
Wed May 18 07:46:56 2011 [12797][8d00f788-59be-528a-9493-4d793a472fb7][FATAL] Missing relationship definition aos_products_project. skipping aos_products_project subpanel
Wed May 18 08:05:33 2011 [12787][8d00f788-59be-528a-9493-4d793a472fb7][FATAL] Missing relationship definition aos_products_project. skipping aos_products_project subpanel
Wed May 18 08:23:45 2011 [12797][8d00f788-59be-528a-9493-4d793a472fb7][FATAL] Missing relationship definition aos_products_project. skipping aos_products_project subpanel
Wed May 18 08:27:42 2011 [4638][8d00f788-59be-528a-9493-4d793a472fb7][FATAL] Missing relationship definition aos_products_project. skipping aos_products_project subpanel
Wed May 18 08:29:08 2011 [12818][8d00f788-59be-528a-9493-4d793a472fb7][FATAL] Missing relationship definition aos_products_project. skipping aos_products_project subpanel
Wed May 18 08:31:00 2011 [12818][8d00f788-59be-528a-9493-4d793a472fb7][FATAL] Missing relationship definition aos_products_project. skipping aos_products_project subpanel
Wed May 18 08:32:28 2011 [12788][8d00f788-59be-528a-9493-4d793a472fb7][FATAL] Missing relationship definition aos_products_project. skipping aos_products_project subpanel
Wed May 18 08:32:55 2011 [4636][8d00f788-59be-528a-9493-4d793a472fb7][FATAL] Missing relationship definition aos_products_project. skipping aos_products_project subpanel
Wed May 18 08:34:21 2011 [21539][8d00f788-59be-528a-9493-4d793a472fb7][FATAL] Missing relationship definition aos_products_project. skipping aos_products_project subpanel
Wed May 18 08:35:36 2011 [12822][8d00f788-59be-528a-9493-4d793a472fb7][FATAL] Missing relationship definition aos_products_project. skipping aos_products_project subpanel
Wed May 18 08:36:59 2011 [4638][8d00f788-59be-528a-9493-4d793a472fb7][FATAL] Missing relationship definition aos_products_project. skipping aos_products_project subpanel
Wed May 18 08:38:15 2011 [12795][8d00f788-59be-528a-9493-4d793a472fb7][FATAL] Missing relationship definition aos_products_project. skipping aos_products_project subpanel
Wed May 18 08:39:52 2011 [12787][8d00f788-59be-528a-9493-4d793a472fb7][FATAL] Missing relationship definition aos_products_project. skipping aos_products_project subpanel
Wed May 18 08:41:53 2011 [12819][8d00f788-59be-528a-9493-4d793a472fb7][FATAL] Missing relationship definition aos_products_project. skipping aos_products_project subpanel
Wed May 18 08:43:24 2011 [12787][8d00f788-59be-528a-9493-4d793a472fb7][FATAL] Missing relationship definition aos_products_project. skipping aos_products_project subpanel
Wed May 18 09:22:58 2011 [12788][66109aec-e6ce-ae9e-7239-4d793a9d1417][FATAL] Missing relationship definition aos_products_project. skipping aos_products_project subpanel
Wed May 18 09:23:46 2011 [12788][8d00f788-59be-528a-9493-4d793a472fb7][FATAL] Missing relationship definition aos_products_project. skipping aos_products_project subpanel
Wed May 18 09:23:59 2011 [12787][8b01e9cd-8545-0677-b533-4d793a6aa839][FATAL] Missing relationship definition aos_products_project. skipping aos_products_project subpanel
Wed May 18 10:21:41 2011 [4638][8d00f788-59be-528a-9493-4d793a472fb7][FATAL] Missing relationship definition aos_products_project. skipping aos_products_project subpanel
Wed May 18 10:23:39 2011 [12818][8d00f788-59be-528a-9493-4d793a472fb7][FATAL] Missing relationship definition aos_products_project. skipping aos_products_project subpanel
Wed May 18 11:26:32 2011 [12796][8b01e9cd-8545-0677-b533-4d793a6aa839][FATAL] Missing relationship definition aos_products_project. skipping aos_products_project subpanel
Wed May 18 12:16:10 2011 [12788][8d00f788-59be-528a-9493-4d793a472fb7][FATAL] Missing relationship definition aos_products_project. skipping aos_products_project subpanel
Wed May 18 12:22:20 2011 [12800][8d00f788-59be-528a-9493-4d793a472fb7][FATAL] Missing relationship definition aos_products_project. skipping aos_products_project subpanel
Wed May 18 12:23:35 2011 [12793][8d00f788-59be-528a-9493-4d793a472fb7][FATAL] Notifications: e-mail successfully sent
Wed May 18 12:23:45 2011 [12796][8d00f788-59be-528a-9493-4d793a472fb7][FATAL] Missing relationship definition aos_products_project. skipping aos_products_project subpanel
Wed May 18 12:26:49 2011 [12794][8d00f788-59be-528a-9493-4d793a472fb7][FATAL] Missing relationship definition aos_products_project. skipping aos_products_project subpanel
Wed May 18 12:37:32 2011 [4636][8d00f788-59be-528a-9493-4d793a472fb7][FATAL] Missing relationship definition aos_products_project. skipping aos_products_project subpanel
Wed May 18 12:40:07 2011 [12793][8d00f788-59be-528a-9493-4d793a472fb7][FATAL] Missing relationship definition aos_products_project. skipping aos_products_project subpanel
Wed May 18 12:40:54 2011 [4638][8d00f788-59be-528a-9493-4d793a472fb7][FATAL] Missing relationship definition aos_products_project. skipping aos_products_project subpanel
Wed May 18 13:28:17 2011 [12794][8b01e9cd-8545-0677-b533-4d793a6aa839][FATAL] Missing relationship definition aos_products_project. skipping aos_products_project subpanel
Wed May 18 13:34:51 2011 [12787][8d00f788-59be-528a-9493-4d793a472fb7][FATAL] Missing relationship definition aos_products_project. skipping aos_products_project subpanel
Wed May 18 13:36:03 2011 [4638][8d00f788-59be-528a-9493-4d793a472fb7][FATAL] Missing relationship definition aos_products_project. skipping aos_products_project subpanel
Wed May 18 14:19:47 2011 [4635][8b01e9cd-8545-0677-b533-4d793a6aa839][FATAL] Missing relationship definition aos_products_project. skipping aos_products_project subpanel
Wed May 18 14:24:10 2011 [4639][8b01e9cd-8545-0677-b533-4d793a6aa839][FATAL] Missing relationship definition aos_products_project. skipping aos_products_project subpanel
Wed May 18 14:26:11 2011 [4637][8b01e9cd-8545-0677-b533-4d793a6aa839][FATAL] Missing relationship definition aos_products_project. skipping aos_products_project subpanel
Wed May 18 14:27:20 2011 [12790][8b01e9cd-8545-0677-b533-4d793a6aa839][FATAL] Missing relationship definition aos_products_project. skipping aos_products_project subpanel
Wed May 18 14:28:04 2011 [4641][66109aec-e6ce-ae9e-7239-4d793a9d1417][FATAL] Missing relationship definition aos_products_project. skipping aos_products_project subpanel
Wed May 18 14:29:05 2011 [4635][8b01e9cd-8545-0677-b533-4d793a6aa839][FATAL] Missing relationship definition aos_products_project. skipping aos_products_project subpanel
Wed May 18 14:29:56 2011 [12819][8b01e9cd-8545-0677-b533-4d793a6aa839][FATAL] Missing relationship definition aos_products_project. skipping aos_products_project subpanel
Wed May 18 14:30:21 2011 [12793][8b01e9cd-8545-0677-b533-4d793a6aa839][FATAL] Missing relationship definition aos_products_project. skipping aos_products_project subpanel
Wed May 18 14:32:29 2011 [4641][8b01e9cd-8545-0677-b533-4d793a6aa839][FATAL] Missing relationship definition aos_products_project. skipping aos_products_project subpanel
Wed May 18 14:34:35 2011 [12791][8b01e9cd-8545-0677-b533-4d793a6aa839][FATAL] Missing relationship definition aos_products_project. skipping aos_products_project subpanel
Wed May 18 14:35:38 2011 [12796][8b01e9cd-8545-0677-b533-4d793a6aa839][FATAL] Missing relationship definition aos_products_project. skipping aos_products_project subpanel
Wed May 18 14:41:55 2011 [12822][66109aec-e6ce-ae9e-7239-4d793a9d1417][FATAL] Missing relationship definition aos_products_project. skipping aos_products_project subpanel
Wed May 18 14:42:27 2011 [12793][8b01e9cd-8545-0677-b533-4d793a6aa839][FATAL] Missing relationship definition aos_products_project. skipping aos_products_project subpanel
Wed May 18 14:42:56 2011 [21539][8b01e9cd-8545-0677-b533-4d793a6aa839][FATAL] Missing relationship definition aos_products_project. skipping aos_products_project subpanel
Wed May 18 14:43:55 2011 [4636][8b01e9cd-8545-0677-b533-4d793a6aa839][FATAL] Missing relationship definition aos_products_project. skipping aos_products_project subpanel
Wed May 18 14:44:40 2011 [21539][66109aec-e6ce-ae9e-7239-4d793a9d1417][FATAL] Missing relationship definition aos_products_project. skipping aos_products_project subpanel
Wed May 18 14:47:01 2011 [12791][8d00f788-59be-528a-9493-4d793a472fb7][FATAL] Missing relationship definition aos_products_project. skipping aos_products_project subpanel
Wed May 18 14:47:15 2011 [12822][66109aec-e6ce-ae9e-7239-4d793a9d1417][FATAL] Missing relationship definition aos_products_project. skipping aos_products_project subpanel
Wed May 18 14:48:01 2011 [4641][8b01e9cd-8545-0677-b533-4d793a6aa839][FATAL] Missing relationship definition aos_products_project. skipping aos_products_project subpanel
Wed May 18 14:52:34 2011 [12796][8b01e9cd-8545-0677-b533-4d793a6aa839][FATAL] Missing relationship definition aos_products_project. skipping aos_products_project subpanel
Wed May 18 14:53:39 2011 [12791][8b01e9cd-8545-0677-b533-4d793a6aa839][FATAL] Missing relationship definition aos_products_project. skipping aos_products_project subpanel
Wed May 18 14:54:20 2011 [4636][8d00f788-59be-528a-9493-4d793a472fb7][FATAL] Missing relationship definition aos_products_project. skipping aos_products_project subpanel
Wed May 18 14:54:21 2011 [12790][8b01e9cd-8545-0677-b533-4d793a6aa839][FATAL] Missing relationship definition aos_products_project. skipping aos_products_project subpanel
Wed May 18 14:55:51 2011 [12788][8b01e9cd-8545-0677-b533-4d793a6aa839][FATAL] Missing relationship definition aos_products_project. skipping aos_products_project subpanel
Wed May 18 14:58:12 2011 [12790][8b01e9cd-8545-0677-b533-4d793a6aa839][FATAL] Missing relationship definition aos_products_project. skipping aos_products_project subpanel
Wed May 18 14:59:33 2011 [4637][8b01e9cd-8545-0677-b533-4d793a6aa839][FATAL] Missing relationship definition aos_products_project. skipping aos_products_project subpanel
Wed May 18 15:09:48 2011 [12787][8d00f788-59be-528a-9493-4d793a472fb7][FATAL] Missing relationship definition aos_products_project. skipping aos_products_project subpanel
Wed May 18 15:19:03 2011 [12793][66109aec-e6ce-ae9e-7239-4d793a9d1417][FATAL] Notifications: e-mail successfully sent
Wed May 18 16:10:59 2011 [12796][8d00f788-59be-528a-9493-4d793a472fb7][FATAL] Missing relationship definition aos_products_project. skipping aos_products_project subpanel
Thu May 19 09:41:29 2011 [6200][8d00f788-59be-528a-9493-4d793a472fb7][FATAL] Missing relationship definition aos_products_project. skipping aos_products_project subpanel
Thu May 19 09:42:14 2011 [6204][66109aec-e6ce-ae9e-7239-4d793a9d1417][FATAL] Missing relationship definition aos_products_project. skipping aos_products_project subpanel
Thu May 19 09:42:51 2011 [6203][1][FATAL] Missing relationship definition aos_products_project. skipping aos_products_project subpanel
Thu May 19 09:56:27 2011 [6206][66109aec-e6ce-ae9e-7239-4d793a9d1417][FATAL] Missing relationship definition aos_products_project. skipping aos_products_project subpanel
Thu May 19 10:00:01 2011 [6205][66109aec-e6ce-ae9e-7239-4d793a9d1417][FATAL] Missing relationship definition aos_products_project. skipping aos_products_project subpanel
Thu May 19 10:01:53 2011 [6201][66109aec-e6ce-ae9e-7239-4d793a9d1417][FATAL] Missing relationship definition aos_products_project. skipping aos_products_project subpanel
Thu May 19 10:02:19 2011 [6204][66109aec-e6ce-ae9e-7239-4d793a9d1417][FATAL] Missing relationship definition aos_products_project. skipping aos_products_project subpanel
Thu May 19 10:02:28 2011 [6202][8d00f788-59be-528a-9493-4d793a472fb7][FATAL] Missing relationship definition aos_products_project. skipping aos_products_project subpanel
Thu May 19 10:04:43 2011 [6207][66109aec-e6ce-ae9e-7239-4d793a9d1417][FATAL] Missing relationship definition aos_products_project. skipping aos_products_project subpanel
Thu May 19 10:04:58 2011 [6217][66109aec-e6ce-ae9e-7239-4d793a9d1417][FATAL] Missing relationship definition aos_products_project. skipping aos_products_project subpanel
Thu May 19 10:58:06 2011 [6216][b21eaa82-4e88-5b9e-cb72-4dd12ed37dcd][FATAL] Missing relationship definition aos_products_project. skipping aos_products_project subpanel
Thu May 19 11:19:33 2011 [6227][8d00f788-59be-528a-9493-4d793a472fb7][FATAL] Missing relationship definition aos_products_project. skipping aos_products_project subpanel
Thu May 19 11:20:18 2011 [6217][8d00f788-59be-528a-9493-4d793a472fb7][FATAL] Missing relationship definition aos_products_project. skipping aos_products_project subpanel
Thu May 19 11:20:53 2011 [6202][8d00f788-59be-528a-9493-4d793a472fb7][FATAL] Missing relationship definition aos_products_project. skipping aos_products_project subpanel
Thu May 19 11:21:27 2011 [6201][8d00f788-59be-528a-9493-4d793a472fb7][FATAL] Missing relationship definition aos_products_project. skipping aos_products_project subpanel
Thu May 19 13:45:17 2011 [6204][8d00f788-59be-528a-9493-4d793a472fb7][FATAL] Missing relationship definition aos_products_project. skipping aos_products_project subpanel
Thu May 19 13:47:31 2011 [6209][8d00f788-59be-528a-9493-4d793a472fb7][FATAL] Missing relationship definition aos_products_project. skipping aos_products_project subpanel
Thu May 19 14:55:32 2011 [6209][8d00f788-59be-528a-9493-4d793a472fb7][FATAL] Missing relationship definition aos_products_project. skipping aos_products_project subpanel
Thu May 19 16:02:24 2011 [6200][8d00f788-59be-528a-9493-4d793a472fb7][FATAL] Missing relationship definition aos_products_project. skipping aos_products_project subpanel
Thu May 19 16:28:20 2011 [6228][8d00f788-59be-528a-9493-4d793a472fb7][FATAL] Missing relationship definition aos_products_project. skipping aos_products_project subpanel
Thu May 19 16:35:27 2011 [6209][8d00f788-59be-528a-9493-4d793a472fb7][FATAL] Notifications: e-mail successfully sent
Thu May 19 16:42:56 2011 [6201][8d00f788-59be-528a-9493-4d793a472fb7][FATAL] Missing relationship definition aos_products_project. skipping aos_products_project subpanel
Thu May 19 17:06:55 2011 [6217][66109aec-e6ce-ae9e-7239-4d793a9d1417][FATAL] Missing relationship definition aos_products_project. skipping aos_products_project subpanel
Fri May 20 07:15:17 2011 [6209][-none-][FATAL] FAILED LOGIN:attempts[1] - davids
Fri May 20 07:26:40 2011 [6228][66109aec-e6ce-ae9e-7239-4d793a9d1417][FATAL] Missing relationship definition aos_products_project. skipping aos_products_project subpanel
Fri May 20 07:32:45 2011 [6203][66109aec-e6ce-ae9e-7239-4d793a9d1417][FATAL] Missing relationship definition aos_products_project. skipping aos_products_project subpanel
Fri May 20 07:33:14 2011 [6206][66109aec-e6ce-ae9e-7239-4d793a9d1417][FATAL] Missing relationship definition aos_products_project. skipping aos_products_project subpanel
Fri May 20 07:33:47 2011 [6207][66109aec-e6ce-ae9e-7239-4d793a9d1417][FATAL] Missing relationship definition aos_products_project. skipping aos_products_project subpanel
Fri May 20 07:39:53 2011 [6202][66109aec-e6ce-ae9e-7239-4d793a9d1417][FATAL] Notifications: e-mail successfully sent
Fri May 20 08:14:16 2011 [6203][8d00f788-59be-528a-9493-4d793a472fb7][FATAL] Missing relationship definition aos_products_project. skipping aos_products_project subpanel
Fri May 20 08:18:38 2011 [6204][8d00f788-59be-528a-9493-4d793a472fb7][FATAL] Missing relationship definition aos_products_project. skipping aos_products_project subpanel
Fri May 20 08:35:38 2011 [6217][8d00f788-59be-528a-9493-4d793a472fb7][FATAL] Missing relationship definition aos_products_project. skipping aos_products_project subpanel
Fri May 20 08:36:53 2011 [6228][8d00f788-59be-528a-9493-4d793a472fb7][FATAL] Missing relationship definition aos_products_project. skipping aos_products_project subpanel
Fri May 20 08:37:28 2011 [6204][8d00f788-59be-528a-9493-4d793a472fb7][FATAL] Missing relationship definition aos_products_project. skipping aos_products_project subpanel
Fri May 20 09:03:30 2011 [6205][1][FATAL] Missing relationship definition aos_products_project. skipping aos_products_project subpanel
Fri May 20 09:09:15 2011 [6206][1][FATAL] Missing relationship definition aos_products_project. skipping aos_products_project subpanel
